In the directory: /home/dbennett/qn57/dbennett/silver-screen/analysis/R 
As the user: dbennett 
on host: mi02 
Loading required package: here
here() starts at /mnt/lustre/projects/qn57/dbennett/silver-screen/analysis/R
Loading required package: rstan
Loading required package: StanHeaders
Loading required package: ggplot2
rstan (Version 2.19.3, GitRev: 2e1f913d3ca3)
For execution on a local, multicore CPU with excess RAM we recommend calling
options(mc.cores = parallel::detectCores()).
To avoid recompilation of unchanged Stan programs, we recommend calling
rstan_options(auto_write = TRUE)
Loading required package: tictoc

SAMPLING FOR MODEL 'RW_symmetric' NOW (CHAIN 1).

SAMPLING FOR MODEL 'RW_symmetric' NOW (CHAIN 2).

SAMPLING FOR MODEL 'RW_symmetric' NOW (CHAIN 3).

SAMPLING FOR MODEL 'RW_symmetric' NOW (CHAIN 4).
Chain 4: 
Chain 4: Gradient evaluation took 0.03 seconds
Chain 4: 1000 transitions using 10 leapfrog steps per transition would take 300 seconds.
Chain 4: Adjust your expectations accordingly!
Chain 4: 
Chain 4: 
Chain 4: Iteration:    1 / 2500 [  0%]  (Warmup)
Chain 3: 
Chain 3: Gradient evaluation took 0.02 seconds
Chain 3: 1000 transitions using 10 leapfrog steps per transition would take 200 seconds.
Chain 3: Adjust your expectations accordingly!
Chain 3: 
Chain 3: 
Chain 3: Iteration:    1 / 2500 [  0%]  (Warmup)
Chain 1: 
Chain 1: Gradient evaluation took 0.02 seconds
Chain 1: 1000 transitions using 10 leapfrog steps per transition would take 200 seconds.
Chain 1: Adjust your expectations accordingly!
Chain 1: 
Chain 1: 
Chain 1: Iteration:    1 / 2500 [  0%]  (Warmup)
Chain 2: 
Chain 2: Gradient evaluation took 0.03 seconds
Chain 2: 1000 transitions using 10 leapfrog steps per transition would take 300 seconds.
Chain 2: Adjust your expectations accordingly!
Chain 2: 
Chain 2: 
Chain 2: Iteration:    1 / 2500 [  0%]  (Warmup)
